Analysis & Synthesis report for parte_3
Mon Jun 14 18:08:40 2021
Quartus II 64-Bit Version 13.0.1 Build 232 06/12/2013 Service Pack 1 SJ Web Edition


---------------------
; Table of Contents ;
---------------------
  1. Legal Notice
  2. Analysis & Synthesis Summary
  3. Analysis & Synthesis Settings
  4. Parallel Compilation
  5. Analysis & Synthesis Source Files Read
  6. Analysis & Synthesis Resource Usage Summary
  7. Analysis & Synthesis Resource Utilization by Entity
  8. Analysis & Synthesis IP Cores Summary
  9. Registers Removed During Synthesis
 10. Removed Registers Triggering Further Register Optimizations
 11. General Register Statistics
 12. Source assignments for m_principal:m_principal|altsyncram:altsyncram_component|altsyncram_uck1:auto_generated
 13. Parameter Settings for User Entity Instance: m_principal:m_principal|altsyncram:altsyncram_component
 14. altsyncram Parameter Settings by Entity Instance
 15. Elapsed Time Per Partition
 16. Analysis & Synthesis Messages



----------------
; Legal Notice ;
----------------
Copyright (C) 1991-2013 Altera Corporation
Your use of Altera Corporation's design tools, logic functions 
and other software and tools, and its AMPP partner logic 
functions, and any output files from any of the foregoing 
(including device programming or simulation files), and any 
associated documentation or information are expressly subject 
to the terms and conditions of the Altera Program License 
Subscription Agreement, Altera MegaCore Function License 
Agreement, or other applicable license agreement, including, 
without limitation, that your use is for the sole purpose of 
programming logic devices manufactured by Altera and sold by 
Altera or its authorized distributors.  Please refer to the 
applicable agreement for further details.



+--------------------------------------------------------------------------------------+
; Analysis & Synthesis Summary                                                         ;
+------------------------------------+-------------------------------------------------+
; Analysis & Synthesis Status        ; Successful - Mon Jun 14 18:08:40 2021           ;
; Quartus II 64-Bit Version          ; 13.0.1 Build 232 06/12/2013 SP 1 SJ Web Edition ;
; Revision Name                      ; parte_3                                         ;
; Top-level Entity Name              ; m_cache                                         ;
; Family                             ; Cyclone IV GX                                   ;
; Total logic elements               ; 0                                               ;
;     Total combinational functions  ; 0                                               ;
;     Dedicated logic registers      ; 0                                               ;
; Total registers                    ; 0                                               ;
; Total pins                         ; 18                                              ;
; Total virtual pins                 ; 0                                               ;
; Total memory bits                  ; 0                                               ;
; Embedded Multiplier 9-bit elements ; 0                                               ;
; Total GXB Receiver Channel PCS     ; 0                                               ;
; Total GXB Receiver Channel PMA     ; 0                                               ;
; Total GXB Transmitter Channel PCS  ; 0                                               ;
; Total GXB Transmitter Channel PMA  ; 0                                               ;
; Total PLLs                         ; 0                                               ;
+------------------------------------+-------------------------------------------------+


+----------------------------------------------------------------------------------------------------------------------+
; Analysis & Synthesis Settings                                                                                        ;
+----------------------------------------------------------------------------+--------------------+--------------------+
; Option                                                                     ; Setting            ; Default Value      ;
+----------------------------------------------------------------------------+--------------------+--------------------+
; Top-level entity name                                                      ; m_cache            ; parte_3            ;
; Family name                                                                ; Cyclone IV GX      ; Cyclone IV GX      ;
; Use smart compilation                                                      ; Off                ; Off                ;
; Enable parallel Assembler and TimeQuest Timing Analyzer during compilation ; On                 ; On                 ;
; Enable compact report table                                                ; Off                ; Off                ;
; Restructure Multiplexers                                                   ; Auto               ; Auto               ;
; Create Debugging Nodes for IP Cores                                        ; Off                ; Off                ;
; Preserve fewer node names                                                  ; On                 ; On                 ;
; Disable OpenCore Plus hardware evaluation                                  ; Off                ; Off                ;
; Verilog Version                                                            ; Verilog_2001       ; Verilog_2001       ;
; VHDL Version                                                               ; VHDL_1993          ; VHDL_1993          ;
; State Machine Processing                                                   ; Auto               ; Auto               ;
; Safe State Machine                                                         ; Off                ; Off                ;
; Extract Verilog State Machines                                             ; On                 ; On                 ;
; Extract VHDL State Machines                                                ; On                 ; On                 ;
; Ignore Verilog initial constructs                                          ; Off                ; Off                ;
; Iteration limit for constant Verilog loops                                 ; 5000               ; 5000               ;
; Iteration limit for non-constant Verilog loops                             ; 250                ; 250                ;
; Add Pass-Through Logic to Inferred RAMs                                    ; On                 ; On                 ;
; Infer RAMs from Raw Logic                                                  ; On                 ; On                 ;
; Parallel Synthesis                                                         ; On                 ; On                 ;
; DSP Block Balancing                                                        ; Auto               ; Auto               ;
; NOT Gate Push-Back                                                         ; On                 ; On                 ;
; Power-Up Don't Care                                                        ; On                 ; On                 ;
; Remove Redundant Logic Cells                                               ; Off                ; Off                ;
; Remove Duplicate Registers                                                 ; On                 ; On                 ;
; Ignore CARRY Buffers                                                       ; Off                ; Off                ;
; Ignore CASCADE Buffers                                                     ; Off                ; Off                ;
; Ignore GLOBAL Buffers                                                      ; Off                ; Off                ;
; Ignore ROW GLOBAL Buffers                                                  ; Off                ; Off                ;
; Ignore LCELL Buffers                                                       ; Off                ; Off                ;
; Ignore SOFT Buffers                                                        ; On                 ; On                 ;
; Limit AHDL Integers to 32 Bits                                             ; Off                ; Off                ;
; Optimization Technique                                                     ; Balanced           ; Balanced           ;
; Carry Chain Length                                                         ; 70                 ; 70                 ;
; Auto Carry Chains                                                          ; On                 ; On                 ;
; Auto Open-Drain Pins                                                       ; On                 ; On                 ;
; Perform WYSIWYG Primitive Resynthesis                                      ; Off                ; Off                ;
; Auto ROM Replacement                                                       ; On                 ; On                 ;
; Auto RAM Replacement                                                       ; On                 ; On                 ;
; Auto DSP Block Replacement                                                 ; On                 ; On                 ;
; Auto Shift Register Replacement                                            ; Auto               ; Auto               ;
; Allow Shift Register Merging across Hierarchies                            ; Auto               ; Auto               ;
; Auto Clock Enable Replacement                                              ; On                 ; On                 ;
; Strict RAM Replacement                                                     ; Off                ; Off                ;
; Allow Synchronous Control Signals                                          ; On                 ; On                 ;
; Force Use of Synchronous Clear Signals                                     ; Off                ; Off                ;
; Auto RAM Block Balancing                                                   ; On                 ; On                 ;
; Auto RAM to Logic Cell Conversion                                          ; Off                ; Off                ;
; Auto Resource Sharing                                                      ; Off                ; Off                ;
; Allow Any RAM Size For Recognition                                         ; Off                ; Off                ;
; Allow Any ROM Size For Recognition                                         ; Off                ; Off                ;
; Allow Any Shift Register Size For Recognition                              ; Off                ; Off                ;
; Use LogicLock Constraints during Resource Balancing                        ; On                 ; On                 ;
; Ignore translate_off and synthesis_off directives                          ; Off                ; Off                ;
; Timing-Driven Synthesis                                                    ; On                 ; On                 ;
; Report Parameter Settings                                                  ; On                 ; On                 ;
; Report Source Assignments                                                  ; On                 ; On                 ;
; Report Connectivity Checks                                                 ; On                 ; On                 ;
; Ignore Maximum Fan-Out Assignments                                         ; Off                ; Off                ;
; Synchronization Register Chain Length                                      ; 2                  ; 2                  ;
; PowerPlay Power Optimization                                               ; Normal compilation ; Normal compilation ;
; HDL message level                                                          ; Level2             ; Level2             ;
; Suppress Register Optimization Related Messages                            ; Off                ; Off                ;
; Number of Removed Registers Reported in Synthesis Report                   ; 5000               ; 5000               ;
; Number of Swept Nodes Reported in Synthesis Report                         ; 5000               ; 5000               ;
; Number of Inverted Registers Reported in Synthesis Report                  ; 100                ; 100                ;
; Clock MUX Protection                                                       ; On                 ; On                 ;
; Auto Gated Clock Conversion                                                ; Off                ; Off                ;
; Block Design Naming                                                        ; Auto               ; Auto               ;
; SDC constraint protection                                                  ; Off                ; Off                ;
; Synthesis Effort                                                           ; Auto               ; Auto               ;
; Shift Register Replacement - Allow Asynchronous Clear Signal               ; On                 ; On                 ;
; Pre-Mapping Resynthesis Optimization                                       ; Off                ; Off                ;
; Analysis & Synthesis Message Level                                         ; Medium             ; Medium             ;
; Disable Register Merging Across Hierarchies                                ; Auto               ; Auto               ;
; Resource Aware Inference For Block RAM                                     ; On                 ; On                 ;
; Synthesis Seed                                                             ; 1                  ; 1                  ;
+----------------------------------------------------------------------------+--------------------+--------------------+


Parallel compilation was disabled, but you have multiple processors available. Enable parallel compilation to reduce compilation time.
+-------------------------------------+
; Parallel Compilation                ;
+----------------------------+--------+
; Processors                 ; Number ;
+----------------------------+--------+
; Number detected on machine ; 8      ;
; Maximum allowed            ; 1      ;
+----------------------------+--------+


+---------------------------------------------------------------------------------------------------------------------------------------------------------------------------------+
; Analysis & Synthesis Source Files Read                                                                                                                                          ;
+----------------------------------+-----------------+----------------------------------+-------------------------------------------------------------------------------+---------+
; File Name with User-Entered Path ; Used in Netlist ; File Type                        ; File Name with Absolute Path                                                  ; Library ;
+----------------------------------+-----------------+----------------------------------+-------------------------------------------------------------------------------+---------+
; memoria_ram_inicialization.mif   ; yes             ; User Memory Initialization File  ; C:/Users/Victor/Desktop/Pratica_1/parte_3/code/memoria_ram_inicialization.mif ;         ;
; m_principal.v                    ; yes             ; User Wizard-Generated File       ; C:/Users/Victor/Desktop/Pratica_1/parte_3/code/m_principal.v                  ;         ;
; m_cache.v                        ; yes             ; User Verilog HDL File            ; C:/Users/Victor/Desktop/Pratica_1/parte_3/code/m_cache.v                      ;         ;
; altsyncram.tdf                   ; yes             ; Megafunction                     ; d:/programas/quartus/quartus/libraries/megafunctions/altsyncram.tdf           ;         ;
; stratix_ram_block.inc            ; yes             ; Megafunction                     ; d:/programas/quartus/quartus/libraries/megafunctions/stratix_ram_block.inc    ;         ;
; lpm_mux.inc                      ; yes             ; Megafunction                     ; d:/programas/quartus/quartus/libraries/megafunctions/lpm_mux.inc              ;         ;
; lpm_decode.inc                   ; yes             ; Megafunction                     ; d:/programas/quartus/quartus/libraries/megafunctions/lpm_decode.inc           ;         ;
; aglobal130.inc                   ; yes             ; Megafunction                     ; d:/programas/quartus/quartus/libraries/megafunctions/aglobal130.inc           ;         ;
; a_rdenreg.inc                    ; yes             ; Megafunction                     ; d:/programas/quartus/quartus/libraries/megafunctions/a_rdenreg.inc            ;         ;
; altrom.inc                       ; yes             ; Megafunction                     ; d:/programas/quartus/quartus/libraries/megafunctions/altrom.inc               ;         ;
; altram.inc                       ; yes             ; Megafunction                     ; d:/programas/quartus/quartus/libraries/megafunctions/altram.inc               ;         ;
; altdpram.inc                     ; yes             ; Megafunction                     ; d:/programas/quartus/quartus/libraries/megafunctions/altdpram.inc             ;         ;
; db/altsyncram_uck1.tdf           ; yes             ; Auto-Generated Megafunction      ; C:/Users/Victor/Desktop/Pratica_1/parte_3/code/db/altsyncram_uck1.tdf         ;         ;
+----------------------------------+-----------------+----------------------------------+-------------------------------------------------------------------------------+---------+


+---------------------------------------------+
; Analysis & Synthesis Resource Usage Summary ;
+--------------------------+------------------+
; Resource                 ; Usage            ;
+--------------------------+------------------+
; I/O pins                 ; 18               ;
; DSP block 9-bit elements ; 0                ;
; Maximum fan-out node     ; clock            ;
; Maximum fan-out          ; 1                ;
; Total fan-out            ; 18               ;
; Average fan-out          ; 0.50             ;
+--------------------------+------------------+


+-----------------------------------------------------------------------------------------------------------------------------------------------------------------------------------------+
; Analysis & Synthesis Resource Utilization by Entity                                                                                                                                     ;
+----------------------------+-------------------+--------------+-------------+--------------+---------+-----------+-----------+------+--------------+---------------------+--------------+
; Compilation Hierarchy Node ; LC Combinationals ; LC Registers ; Memory Bits ; DSP Elements ; DSP 9x9 ; DSP 18x18 ; DSP 36x36 ; Pins ; Virtual Pins ; Full Hierarchy Name ; Library Name ;
+----------------------------+-------------------+--------------+-------------+--------------+---------+-----------+-----------+------+--------------+---------------------+--------------+
; |m_cache                   ; 0 (0)             ; 0 (0)        ; 0           ; 0            ; 0       ; 0         ; 0         ; 18   ; 0            ; |m_cache            ; work         ;
+----------------------------+-------------------+--------------+-------------+--------------+---------+-----------+-----------+------+--------------+---------------------+--------------+
Note: For table entries with two numbers listed, the numbers in parentheses indicate the number of resources of the given type used by the specific entity alone. The numbers listed outside of parentheses indicate the total resources of the given type used by the specific entity and all of its sub-entities in the hierarchy.


+-----------------------------------------------------------------------------------------------------------------------------------------------------------------+
; Analysis & Synthesis IP Cores Summary                                                                                                                           ;
+--------+--------------+---------+--------------+--------------+----------------------------------+--------------------------------------------------------------+
; Vendor ; IP Core Name ; Version ; Release Date ; License Type ; Entity Instance                  ; IP Include File                                              ;
+--------+--------------+---------+--------------+--------------+----------------------------------+--------------------------------------------------------------+
; Altera ; RAM: 1-PORT  ; 13.0    ; N/A          ; N/A          ; |m_cache|m_principal:m_principal ; C:/Users/Victor/Desktop/Pratica_1/parte_3/code/m_principal.v ;
+--------+--------------+---------+--------------+--------------+----------------------------------+--------------------------------------------------------------+


+--------------------------------------------------------------+
; Registers Removed During Synthesis                           ;
+-----------------------------------------+--------------------+
; Register name                           ; Reason for Removal ;
+-----------------------------------------+--------------------+
; mc_address[2][1][1]                     ; Lost fanout        ;
; mc_address[2][1][0]                     ; Lost fanout        ;
; mc_address[3][0][7]                     ; Lost fanout        ;
; mc_address[3][0][6]                     ; Lost fanout        ;
; mc_address[3][0][5]                     ; Lost fanout        ;
; mc_address[3][0][4]                     ; Lost fanout        ;
; mc_address[3][0][3]                     ; Lost fanout        ;
; mc_address[3][0][2]                     ; Lost fanout        ;
; lru[2][0]                               ; Lost fanout        ;
; lru[3][1]                               ; Lost fanout        ;
; mc_address[3][0][1]                     ; Lost fanout        ;
; lru[3][0]                               ; Lost fanout        ;
; mc_address[3][0][0]                     ; Lost fanout        ;
; mc_address[3][1][7]                     ; Lost fanout        ;
; mc_address[3][1][6]                     ; Lost fanout        ;
; mc_address[3][1][5]                     ; Lost fanout        ;
; mc_address[3][1][4]                     ; Lost fanout        ;
; mc_address[3][1][3]                     ; Lost fanout        ;
; mc_address[3][1][2]                     ; Lost fanout        ;
; mc_address[3][1][1]                     ; Lost fanout        ;
; mc_address[3][1][0]                     ; Lost fanout        ;
; valido[0..3]                            ; Lost fanout        ;
; dirty[0..3]                             ; Lost fanout        ;
; mp_data[0..7]                           ; Lost fanout        ;
; lru[0][1]                               ; Lost fanout        ;
; lru[0][0]                               ; Lost fanout        ;
; lru[1][1]                               ; Lost fanout        ;
; lru[1][0]                               ; Lost fanout        ;
; lru[2][1]                               ; Lost fanout        ;
; mc_address[2][1][2]                     ; Lost fanout        ;
; mc_address[2][1][3]                     ; Lost fanout        ;
; mc_address[2][1][4]                     ; Lost fanout        ;
; mc_address[2][1][5]                     ; Lost fanout        ;
; mc_address[2][1][6]                     ; Lost fanout        ;
; mc_address[2][1][7]                     ; Lost fanout        ;
; mc_address[2][0][0]                     ; Lost fanout        ;
; mc_address[2][0][1]                     ; Lost fanout        ;
; mc_address[2][0][2]                     ; Lost fanout        ;
; mc_address[2][0][3]                     ; Lost fanout        ;
; mc_address[2][0][4]                     ; Lost fanout        ;
; mc_address[2][0][5]                     ; Lost fanout        ;
; mc_address[2][0][6]                     ; Lost fanout        ;
; mc_address[2][0][7]                     ; Lost fanout        ;
; mc_address[1][1][0]                     ; Lost fanout        ;
; mc_address[1][1][1]                     ; Lost fanout        ;
; mc_address[1][1][2]                     ; Lost fanout        ;
; mc_address[1][1][3]                     ; Lost fanout        ;
; mc_address[1][1][4]                     ; Lost fanout        ;
; mc_address[1][1][5]                     ; Lost fanout        ;
; mc_address[1][1][6]                     ; Lost fanout        ;
; mc_address[1][1][7]                     ; Lost fanout        ;
; mc_address[1][0][0]                     ; Lost fanout        ;
; mc_address[1][0][1]                     ; Lost fanout        ;
; mc_address[1][0][2]                     ; Lost fanout        ;
; mc_address[1][0][3]                     ; Lost fanout        ;
; mc_address[1][0][4]                     ; Lost fanout        ;
; mc_address[1][0][5]                     ; Lost fanout        ;
; mc_address[1][0][6]                     ; Lost fanout        ;
; mc_address[1][0][7]                     ; Lost fanout        ;
; mc_address[0][1][0]                     ; Lost fanout        ;
; mc_address[0][1][1]                     ; Lost fanout        ;
; mc_address[0][1][2]                     ; Lost fanout        ;
; mc_address[0][1][3]                     ; Lost fanout        ;
; mc_address[0][1][4]                     ; Lost fanout        ;
; mc_address[0][1][5]                     ; Lost fanout        ;
; mc_address[0][1][6]                     ; Lost fanout        ;
; mc_address[0][1][7]                     ; Lost fanout        ;
; mc_address[0][0][0]                     ; Lost fanout        ;
; mc_address[0][0][1]                     ; Lost fanout        ;
; mc_address[0][0][2]                     ; Lost fanout        ;
; mc_address[0][0][3]                     ; Lost fanout        ;
; mc_address[0][0][4]                     ; Lost fanout        ;
; mc_address[0][0][5]                     ; Lost fanout        ;
; mc_address[0][0][6]                     ; Lost fanout        ;
; mc_address[0][0][7]                     ; Lost fanout        ;
; mp_wren                                 ; Lost fanout        ;
; mp_clock                                ; Lost fanout        ;
; mp_address[0..7]                        ; Lost fanout        ;
; mc_address_aux[1][0]                    ; Lost fanout        ;
; mc_address_aux[1][1]                    ; Lost fanout        ;
; mc_address_aux[1][2]                    ; Lost fanout        ;
; mc_address_aux[1][3]                    ; Lost fanout        ;
; mc_address_aux[1][4]                    ; Lost fanout        ;
; mc_address_aux[1][5]                    ; Lost fanout        ;
; mc_address_aux[1][6]                    ; Lost fanout        ;
; mc_address_aux[1][7]                    ; Lost fanout        ;
; mc_address_aux[0][0]                    ; Lost fanout        ;
; mc_address_aux[0][1]                    ; Lost fanout        ;
; mc_address_aux[0][2]                    ; Lost fanout        ;
; mc_address_aux[0][3]                    ; Lost fanout        ;
; mc_address_aux[0][4]                    ; Lost fanout        ;
; mc_address_aux[0][5]                    ; Lost fanout        ;
; mc_address_aux[0][6]                    ; Lost fanout        ;
; mc_address_aux[0][7]                    ; Lost fanout        ;
; Total Number of Removed Registers = 114 ;                    ;
+-----------------------------------------+--------------------+


+-------------------------------------------------------------------------------------+
; Removed Registers Triggering Further Register Optimizations                         ;
+---------------------+--------------------+------------------------------------------+
; Register name       ; Reason for Removal ; Registers Removed due to This Register   ;
+---------------------+--------------------+------------------------------------------+
; mc_address[2][1][1] ; Lost Fanouts       ; valido[3], mp_data[1], mp_wren, mp_clock ;
; mc_address[2][1][0] ; Lost Fanouts       ; mp_data[0]                               ;
+---------------------+--------------------+------------------------------------------+


+------------------------------------------------------+
; General Register Statistics                          ;
+----------------------------------------------+-------+
; Statistic                                    ; Value ;
+----------------------------------------------+-------+
; Total registers                              ; 0     ;
; Number of registers using Synchronous Clear  ; 0     ;
; Number of registers using Synchronous Load   ; 0     ;
; Number of registers using Asynchronous Clear ; 0     ;
; Number of registers using Asynchronous Load  ; 0     ;
; Number of registers using Clock Enable       ; 0     ;
; Number of registers using Preset             ; 0     ;
+----------------------------------------------+-------+


+---------------------------------------------------------------------------------------------------------------+
; Source assignments for m_principal:m_principal|altsyncram:altsyncram_component|altsyncram_uck1:auto_generated ;
+---------------------------------+--------------------+------+-------------------------------------------------+
; Assignment                      ; Value              ; From ; To                                              ;
+---------------------------------+--------------------+------+-------------------------------------------------+
; OPTIMIZE_POWER_DURING_SYNTHESIS ; NORMAL_COMPILATION ; -    ; -                                               ;
+---------------------------------+--------------------+------+-------------------------------------------------+


+------------------------------------------------------------------------------------------------------+
; Parameter Settings for User Entity Instance: m_principal:m_principal|altsyncram:altsyncram_component ;
+------------------------------------+--------------------------------+--------------------------------+
; Parameter Name                     ; Value                          ; Type                           ;
+------------------------------------+--------------------------------+--------------------------------+
; BYTE_SIZE_BLOCK                    ; 8                              ; Untyped                        ;
; AUTO_CARRY_CHAINS                  ; ON                             ; AUTO_CARRY                     ;
; IGNORE_CARRY_BUFFERS               ; OFF                            ; IGNORE_CARRY                   ;
; AUTO_CASCADE_CHAINS                ; ON                             ; AUTO_CASCADE                   ;
; IGNORE_CASCADE_BUFFERS             ; OFF                            ; IGNORE_CASCADE                 ;
; WIDTH_BYTEENA                      ; 1                              ; Untyped                        ;
; OPERATION_MODE                     ; SINGLE_PORT                    ; Untyped                        ;
; WIDTH_A                            ; 8                              ; Signed Integer                 ;
; WIDTHAD_A                          ; 8                              ; Signed Integer                 ;
; NUMWORDS_A                         ; 256                            ; Signed Integer                 ;
; OUTDATA_REG_A                      ; UNREGISTERED                   ; Untyped                        ;
; ADDRESS_ACLR_A                     ; NONE                           ; Untyped                        ;
; OUTDATA_ACLR_A                     ; NONE                           ; Untyped                        ;
; WRCONTROL_ACLR_A                   ; NONE                           ; Untyped                        ;
; INDATA_ACLR_A                      ; NONE                           ; Untyped                        ;
; BYTEENA_ACLR_A                     ; NONE                           ; Untyped                        ;
; WIDTH_B                            ; 1                              ; Untyped                        ;
; WIDTHAD_B                          ; 1                              ; Untyped                        ;
; NUMWORDS_B                         ; 1                              ; Untyped                        ;
; INDATA_REG_B                       ; CLOCK1                         ; Untyped                        ;
; WRCONTROL_WRADDRESS_REG_B          ; CLOCK1                         ; Untyped                        ;
; RDCONTROL_REG_B                    ; CLOCK1                         ; Untyped                        ;
; ADDRESS_REG_B                      ; CLOCK1                         ; Untyped                        ;
; OUTDATA_REG_B                      ; UNREGISTERED                   ; Untyped                        ;
; BYTEENA_REG_B                      ; CLOCK1                         ; Untyped                        ;
; INDATA_ACLR_B                      ; NONE                           ; Untyped                        ;
; WRCONTROL_ACLR_B                   ; NONE                           ; Untyped                        ;
; ADDRESS_ACLR_B                     ; NONE                           ; Untyped                        ;
; OUTDATA_ACLR_B                     ; NONE                           ; Untyped                        ;
; RDCONTROL_ACLR_B                   ; NONE                           ; Untyped                        ;
; BYTEENA_ACLR_B                     ; NONE                           ; Untyped                        ;
; WIDTH_BYTEENA_A                    ; 1                              ; Signed Integer                 ;
; WIDTH_BYTEENA_B                    ; 1                              ; Untyped                        ;
; RAM_BLOCK_TYPE                     ; AUTO                           ; Untyped                        ;
; BYTE_SIZE                          ; 8                              ; Untyped                        ;
; READ_DURING_WRITE_MODE_MIXED_PORTS ; DONT_CARE                      ; Untyped                        ;
; READ_DURING_WRITE_MODE_PORT_A      ; NEW_DATA_NO_NBE_READ           ; Untyped                        ;
; READ_DURING_WRITE_MODE_PORT_B      ; NEW_DATA_NO_NBE_READ           ; Untyped                        ;
; INIT_FILE                          ; memoria_ram_inicialization.mif ; Untyped                        ;
; INIT_FILE_LAYOUT                   ; PORT_A                         ; Untyped                        ;
; MAXIMUM_DEPTH                      ; 0                              ; Untyped                        ;
; CLOCK_ENABLE_INPUT_A               ; BYPASS                         ; Untyped                        ;
; CLOCK_ENABLE_INPUT_B               ; NORMAL                         ; Untyped                        ;
; CLOCK_ENABLE_OUTPUT_A              ; BYPASS                         ; Untyped                        ;
; CLOCK_ENABLE_OUTPUT_B              ; NORMAL                         ; Untyped                        ;
; CLOCK_ENABLE_CORE_A                ; USE_INPUT_CLKEN                ; Untyped                        ;
; CLOCK_ENABLE_CORE_B                ; USE_INPUT_CLKEN                ; Untyped                        ;
; ENABLE_ECC                         ; FALSE                          ; Untyped                        ;
; ECC_PIPELINE_STAGE_ENABLED         ; FALSE                          ; Untyped                        ;
; WIDTH_ECCSTATUS                    ; 3                              ; Untyped                        ;
; DEVICE_FAMILY                      ; Cyclone IV GX                  ; Untyped                        ;
; CBXI_PARAMETER                     ; altsyncram_uck1                ; Untyped                        ;
+------------------------------------+--------------------------------+--------------------------------+
Note: In order to hide this table in the UI and the text report file, please set the "Show Parameter Settings in Synthesis Report" option in "Analysis and Synthesis Settings -> More Settings" to "Off".


+-----------------------------------------------------------------------------------------------------+
; altsyncram Parameter Settings by Entity Instance                                                    ;
+-------------------------------------------+---------------------------------------------------------+
; Name                                      ; Value                                                   ;
+-------------------------------------------+---------------------------------------------------------+
; Number of entity instances                ; 1                                                       ;
; Entity Instance                           ; m_principal:m_principal|altsyncram:altsyncram_component ;
;     -- OPERATION_MODE                     ; SINGLE_PORT                                             ;
;     -- WIDTH_A                            ; 8                                                       ;
;     -- NUMWORDS_A                         ; 256                                                     ;
;     -- OUTDATA_REG_A                      ; UNREGISTERED                                            ;
;     -- WIDTH_B                            ; 1                                                       ;
;     -- NUMWORDS_B                         ; 1                                                       ;
;     -- ADDRESS_REG_B                      ; CLOCK1                                                  ;
;     -- OUTDATA_REG_B                      ; UNREGISTERED                                            ;
;     -- RAM_BLOCK_TYPE                     ; AUTO                                                    ;
;     -- READ_DURING_WRITE_MODE_MIXED_PORTS ; DONT_CARE                                               ;
+-------------------------------------------+---------------------------------------------------------+


+-------------------------------+
; Elapsed Time Per Partition    ;
+----------------+--------------+
; Partition Name ; Elapsed Time ;
+----------------+--------------+
; Top            ; 00:00:00     ;
+----------------+--------------+


+-------------------------------+
; Analysis & Synthesis Messages ;
+-------------------------------+
Info: *******************************************************************
Info: Running Quartus II 64-Bit Analysis & Synthesis
    Info: Version 13.0.1 Build 232 06/12/2013 Service Pack 1 SJ Web Edition
    Info: Processing started: Mon Jun 14 18:08:38 2021
Info: Command: quartus_map --read_settings_files=on --write_settings_files=off parte_3 -c parte_3
Warning (20028): Parallel compilation is not licensed and has been disabled
Info (12021): Found 1 design units, including 1 entities, in source file m_principal.v
    Info (12023): Found entity 1: m_principal
Warning (10463): Verilog HDL Declaration warning at m_cache.v(20): "break" is SystemVerilog-2005 keyword
Info (12021): Found 1 design units, including 1 entities, in source file m_cache.v
    Info (12023): Found entity 1: m_cache
Info (12127): Elaborating entity "m_cache" for the top level hierarchy
Warning (10036): Verilog HDL or VHDL warning at m_cache.v(17): object "mc_out" assigned a value but never read
Warning (10230): Verilog HDL assignment warning at m_cache.v(161): truncated value with size 32 to match size of target (2)
Warning (10230): Verilog HDL assignment warning at m_cache.v(167): truncated value with size 32 to match size of target (2)
Info (10008): Verilog HDL or VHDL information: EDA Netlist Writer cannot regroup multidimensional array "mc_address" into its bus
Info (12128): Elaborating entity "m_principal" for hierarchy "m_principal:m_principal"
Info (12128): Elaborating entity "altsyncram" for hierarchy "m_principal:m_principal|altsyncram:altsyncram_component"
Info (12130): Elaborated megafunction instantiation "m_principal:m_principal|altsyncram:altsyncram_component"
Info (12133): Instantiated megafunction "m_principal:m_principal|altsyncram:altsyncram_component" with the following parameter:
    Info (12134): Parameter "clock_enable_input_a" = "BYPASS"
    Info (12134): Parameter "clock_enable_output_a" = "BYPASS"
    Info (12134): Parameter "init_file" = "memoria_ram_inicialization.mif"
    Info (12134): Parameter "intended_device_family" = "Cyclone IV GX"
    Info (12134): Parameter "lpm_hint" = "ENABLE_RUNTIME_MOD=NO"
    Info (12134): Parameter "lpm_type" = "altsyncram"
    Info (12134): Parameter "numwords_a" = "256"
    Info (12134): Parameter "operation_mode" = "SINGLE_PORT"
    Info (12134): Parameter "outdata_aclr_a" = "NONE"
    Info (12134): Parameter "outdata_reg_a" = "UNREGISTERED"
    Info (12134): Parameter "power_up_uninitialized" = "FALSE"
    Info (12134): Parameter "read_during_write_mode_port_a" = "NEW_DATA_NO_NBE_READ"
    Info (12134): Parameter "widthad_a" = "8"
    Info (12134): Parameter "width_a" = "8"
    Info (12134): Parameter "width_byteena_a" = "1"
Info (12021): Found 1 design units, including 1 entities, in source file db/altsyncram_uck1.tdf
    Info (12023): Found entity 1: altsyncram_uck1
Info (12128): Elaborating entity "altsyncram_uck1" for hierarchy "m_principal:m_principal|altsyncram:altsyncram_component|altsyncram_uck1:auto_generated"
Warning (14284): Synthesized away the following node(s):
    Warning (14285): Synthesized away the following RAM node(s):
        Warning (14320): Synthesized away node "m_principal:m_principal|altsyncram:altsyncram_component|altsyncram_uck1:auto_generated|q_a[0]"
        Warning (14320): Synthesized away node "m_principal:m_principal|altsyncram:altsyncram_component|altsyncram_uck1:auto_generated|q_a[1]"
        Warning (14320): Synthesized away node "m_principal:m_principal|altsyncram:altsyncram_component|altsyncram_uck1:auto_generated|q_a[2]"
        Warning (14320): Synthesized away node "m_principal:m_principal|altsyncram:altsyncram_component|altsyncram_uck1:auto_generated|q_a[3]"
        Warning (14320): Synthesized away node "m_principal:m_principal|altsyncram:altsyncram_component|altsyncram_uck1:auto_generated|q_a[4]"
        Warning (14320): Synthesized away node "m_principal:m_principal|altsyncram:altsyncram_component|altsyncram_uck1:auto_generated|q_a[5]"
        Warning (14320): Synthesized away node "m_principal:m_principal|altsyncram:altsyncram_component|altsyncram_uck1:auto_generated|q_a[6]"
        Warning (14320): Synthesized away node "m_principal:m_principal|altsyncram:altsyncram_component|altsyncram_uck1:auto_generated|q_a[7]"
Info (17049): 114 registers lost all their fanouts during netlist optimizations.
Info (16010): Generating hard_block partition "hard_block:auto_generated_inst"
    Info (16011): Adding 0 node(s), including 0 DDIO, 0 PLL, 0 transceiver and 0 LCELL
Warning (21074): Design contains 18 input pin(s) that do not drive logic
    Warning (15610): No output dependent on input pin "clock"
    Warning (15610): No output dependent on input pin "test_tag[0]"
    Warning (15610): No output dependent on input pin "test_tag[1]"
    Warning (15610): No output dependent on input pin "test_tag[2]"
    Warning (15610): No output dependent on input pin "test_tag[3]"
    Warning (15610): No output dependent on input pin "test_tag[4]"
    Warning (15610): No output dependent on input pin "test_tag[5]"
    Warning (15610): No output dependent on input pin "test_tag[6]"
    Warning (15610): No output dependent on input pin "test_tag[7]"
    Warning (15610): No output dependent on input pin "test_data[0]"
    Warning (15610): No output dependent on input pin "test_data[1]"
    Warning (15610): No output dependent on input pin "test_data[2]"
    Warning (15610): No output dependent on input pin "test_data[3]"
    Warning (15610): No output dependent on input pin "test_data[4]"
    Warning (15610): No output dependent on input pin "test_data[5]"
    Warning (15610): No output dependent on input pin "test_data[6]"
    Warning (15610): No output dependent on input pin "test_data[7]"
    Warning (15610): No output dependent on input pin "test_wren"
Info (21057): Implemented 18 device resources after synthesis - the final resource count might be different
    Info (21058): Implemented 18 input pins
    Info (21059): Implemented 0 output pins
Info: Quartus II 64-Bit Analysis & Synthesis was successful. 0 errors, 34 warnings
    Info: Peak virtual memory: 4643 megabytes
    Info: Processing ended: Mon Jun 14 18:08:40 2021
    Info: Elapsed time: 00:00:02
    Info: Total CPU time (on all processors): 00:00:01


